2016-12-23 10:52:16 - PHP Notice:  Undefined variable: maintenance in D:\wamp\www\opencart\oc_2_3_0_2\catalog\view\theme\default\template\common\header.tpl on line 44
2016-12-23 12:51:29 - PHP Notice:  Undefined variable: store_locator in D:\wamp\www\opencart\oc_2_3_0_2\system\storage\modification\catalog\view\theme\default\template\common\footer.tpl on line 18
2016-12-23 12:51:29 - PHP Notice:  Undefined variable: text_newsletter in D:\wamp\www\opencart\oc_2_3_0_2\system\storage\modification\catalog\view\theme\default\template\common\footer.tpl on line 39
2016-12-23 12:52:38 - PHP Notice:  Undefined variable: newsletter in D:\wamp\www\opencart\oc_2_3_0_2\system\storage\modification\catalog\view\theme\default\template\common\footer.tpl on line 39
2016-12-23 12:52:38 - PHP Notice:  Undefined variable: text_newsletter in D:\wamp\www\opencart\oc_2_3_0_2\system\storage\modification\catalog\view\theme\default\template\common\footer.tpl on line 39
2016-12-23 13:04:11 - PHP Notice:  Undefined variable: newsletter in D:\wamp\www\opencart\oc_2_3_0_2\system\storage\modification\catalog\view\theme\default\template\common\footer.tpl on line 39
2016-12-23 13:04:11 - PHP Notice:  Undefined variable: text_newsletter in D:\wamp\www\opencart\oc_2_3_0_2\system\storage\modification\catalog\view\theme\default\template\common\footer.tpl on line 39
2016-12-23 13:41:30 - PHP Notice:  Undefined variable: url in D:\wamp\www\opencart\oc_2_3_0_2\admin\controller\store\locator.php on line 19
2016-12-23 13:41:30 - PHP Notice:  Undefined variable: url in D:\wamp\www\opencart\oc_2_3_0_2\admin\controller\store\locator.php on line 22
2016-12-23 13:41:30 - PHP Notice:  Undefined variable: url in D:\wamp\www\opencart\oc_2_3_0_2\admin\controller\store\locator.php on line 23
2016-12-23 13:41:30 - PHP Notice:  Undefined variable: filter_name in D:\wamp\www\opencart\oc_2_3_0_2\admin\controller\store\locator.php on line 28
2016-12-23 13:41:30 - PHP Notice:  Undefined variable: filter_email in D:\wamp\www\opencart\oc_2_3_0_2\admin\controller\store\locator.php on line 29
2016-12-23 13:41:30 - PHP Notice:  Undefined variable: filter_customer_group_id in D:\wamp\www\opencart\oc_2_3_0_2\admin\controller\store\locator.php on line 30
2016-12-23 13:41:30 - PHP Notice:  Undefined variable: filter_status in D:\wamp\www\opencart\oc_2_3_0_2\admin\controller\store\locator.php on line 31
2016-12-23 13:41:30 - PHP Notice:  Undefined variable: filter_approved in D:\wamp\www\opencart\oc_2_3_0_2\admin\controller\store\locator.php on line 32
2016-12-23 13:41:30 - PHP Notice:  Undefined variable: filter_date_added in D:\wamp\www\opencart\oc_2_3_0_2\admin\controller\store\locator.php on line 33
2016-12-23 13:41:30 - PHP Notice:  Undefined variable: filter_ip in D:\wamp\www\opencart\oc_2_3_0_2\admin\controller\store\locator.php on line 34
2016-12-23 13:41:30 - PHP Notice:  Undefined variable: sort in D:\wamp\www\opencart\oc_2_3_0_2\admin\controller\store\locator.php on line 35
2016-12-23 13:41:30 - PHP Notice:  Undefined variable: order in D:\wamp\www\opencart\oc_2_3_0_2\admin\controller\store\locator.php on line 36
2016-12-23 13:41:30 - PHP Notice:  Undefined variable: page in D:\wamp\www\opencart\oc_2_3_0_2\admin\controller\store\locator.php on line 37
2016-12-23 13:41:30 - PHP Notice:  Undefined variable: url in D:\wamp\www\opencart\oc_2_3_0_2\admin\controller\store\locator.php on line 19
2016-12-23 13:41:30 - PHP Notice:  Undefined variable: url in D:\wamp\www\opencart\oc_2_3_0_2\admin\controller\store\locator.php on line 22
2016-12-23 13:41:30 - PHP Notice:  Undefined variable: url in D:\wamp\www\opencart\oc_2_3_0_2\admin\controller\store\locator.php on line 23
2016-12-23 13:41:30 - PHP Notice:  Undefined variable: filter_name in D:\wamp\www\opencart\oc_2_3_0_2\admin\controller\store\locator.php on line 28
2016-12-23 13:41:30 - PHP Notice:  Undefined variable: filter_email in D:\wamp\www\opencart\oc_2_3_0_2\admin\controller\store\locator.php on line 29
2016-12-23 13:41:30 - PHP Notice:  Undefined variable: filter_customer_group_id in D:\wamp\www\opencart\oc_2_3_0_2\admin\controller\store\locator.php on line 30
2016-12-23 13:41:30 - PHP Notice:  Undefined variable: filter_status in D:\wamp\www\opencart\oc_2_3_0_2\admin\controller\store\locator.php on line 31
2016-12-23 13:41:30 - PHP Notice:  Undefined variable: filter_approved in D:\wamp\www\opencart\oc_2_3_0_2\admin\controller\store\locator.php on line 32
2016-12-23 13:41:30 - PHP Notice:  Undefined variable: filter_date_added in D:\wamp\www\opencart\oc_2_3_0_2\admin\controller\store\locator.php on line 33
2016-12-23 13:41:30 - PHP Notice:  Undefined variable: filter_ip in D:\wamp\www\opencart\oc_2_3_0_2\admin\controller\store\locator.php on line 34
2016-12-23 13:41:30 - PHP Notice:  Undefined variable: sort in D:\wamp\www\opencart\oc_2_3_0_2\admin\controller\store\locator.php on line 35
2016-12-23 13:41:30 - PHP Notice:  Undefined variable: order in D:\wamp\www\opencart\oc_2_3_0_2\admin\controller\store\locator.php on line 36
2016-12-23 13:41:30 - PHP Notice:  Undefined variable: page in D:\wamp\www\opencart\oc_2_3_0_2\admin\controller\store\locator.php on line 37
2016-12-23 13:42:33 - PHP Notice:  Undefined variable: url in D:\wamp\www\opencart\oc_2_3_0_2\admin\controller\store\locator.php on line 19
2016-12-23 13:42:33 - PHP Notice:  Undefined variable: url in D:\wamp\www\opencart\oc_2_3_0_2\admin\controller\store\locator.php on line 22
2016-12-23 13:42:33 - PHP Notice:  Undefined variable: url in D:\wamp\www\opencart\oc_2_3_0_2\admin\controller\store\locator.php on line 23
2016-12-23 13:42:33 - PHP Notice:  Undefined variable: filter_name in D:\wamp\www\opencart\oc_2_3_0_2\admin\controller\store\locator.php on line 28
2016-12-23 13:42:33 - PHP Notice:  Undefined variable: filter_email in D:\wamp\www\opencart\oc_2_3_0_2\admin\controller\store\locator.php on line 29
2016-12-23 13:42:33 - PHP Notice:  Undefined variable: filter_customer_group_id in D:\wamp\www\opencart\oc_2_3_0_2\admin\controller\store\locator.php on line 30
2016-12-23 13:42:33 - PHP Notice:  Undefined variable: filter_status in D:\wamp\www\opencart\oc_2_3_0_2\admin\controller\store\locator.php on line 31
2016-12-23 13:42:33 - PHP Notice:  Undefined variable: filter_approved in D:\wamp\www\opencart\oc_2_3_0_2\admin\controller\store\locator.php on line 32
2016-12-23 13:42:33 - PHP Notice:  Undefined variable: filter_date_added in D:\wamp\www\opencart\oc_2_3_0_2\admin\controller\store\locator.php on line 33
2016-12-23 13:42:33 - PHP Notice:  Undefined variable: filter_ip in D:\wamp\www\opencart\oc_2_3_0_2\admin\controller\store\locator.php on line 34
2016-12-23 13:42:33 - PHP Notice:  Undefined variable: sort in D:\wamp\www\opencart\oc_2_3_0_2\admin\controller\store\locator.php on line 35
2016-12-23 13:42:33 - PHP Notice:  Undefined variable: order in D:\wamp\www\opencart\oc_2_3_0_2\admin\controller\store\locator.php on line 36
2016-12-23 13:42:33 - PHP Notice:  Undefined variable: page in D:\wamp\www\opencart\oc_2_3_0_2\admin\controller\store\locator.php on line 37
2016-12-23 13:43:00 - PHP Notice:  Undefined variable: url in D:\wamp\www\opencart\oc_2_3_0_2\admin\controller\store\locator.php on line 19
2016-12-23 13:43:00 - PHP Notice:  Undefined variable: url in D:\wamp\www\opencart\oc_2_3_0_2\admin\controller\store\locator.php on line 22
2016-12-23 13:43:00 - PHP Notice:  Undefined variable: url in D:\wamp\www\opencart\oc_2_3_0_2\admin\controller\store\locator.php on line 23
2016-12-23 13:43:01 - PHP Notice:  Undefined variable: error_warning in D:\wamp\www\opencart\oc_2_3_0_2\admin\view\template\store\locator.tpl on line 17
2016-12-23 13:43:01 - PHP Notice:  Undefined variable: success in D:\wamp\www\opencart\oc_2_3_0_2\admin\view\template\store\locator.tpl on line 22
2016-12-23 13:43:35 - PHP Notice:  Undefined variable: error_warning in D:\wamp\www\opencart\oc_2_3_0_2\admin\view\template\store\locator.tpl on line 17
2016-12-23 13:43:35 - PHP Notice:  Undefined variable: success in D:\wamp\www\opencart\oc_2_3_0_2\admin\view\template\store\locator.tpl on line 22
2016-12-23 13:43:54 - PHP Notice:  Undefined variable: success in D:\wamp\www\opencart\oc_2_3_0_2\admin\view\template\store\locator.tpl on line 22
2016-12-23 13:44:01 - PHP Notice:  Undefined variable: success in D:\wamp\www\opencart\oc_2_3_0_2\admin\view\template\store\locator.tpl on line 22
2016-12-23 13:44:30 - PHP Notice:  Undefined variable: button_add in D:\wamp\www\opencart\oc_2_3_0_2\admin\view\template\store\locator.tpl on line 5
2016-12-23 13:44:30 - PHP Notice:  Undefined variable: button_delete in D:\wamp\www\opencart\oc_2_3_0_2\admin\view\template\store\locator.tpl on line 6
2016-12-23 13:44:30 - PHP Notice:  Undefined variable: text_confirm in D:\wamp\www\opencart\oc_2_3_0_2\admin\view\template\store\locator.tpl on line 6
2016-12-23 13:44:30 - PHP Notice:  Undefined variable: text_list in D:\wamp\www\opencart\oc_2_3_0_2\admin\view\template\store\locator.tpl on line 29
2016-12-23 13:45:01 - PHP Notice:  Undefined variable: add in D:\wamp\www\opencart\oc_2_3_0_2\admin\view\template\store\locator.tpl on line 5
2016-12-23 13:45:01 - PHP Notice:  Undefined variable: button_add in D:\wamp\www\opencart\oc_2_3_0_2\admin\view\template\store\locator.tpl on line 5
2016-12-23 13:45:01 - PHP Notice:  Undefined variable: button_delete in D:\wamp\www\opencart\oc_2_3_0_2\admin\view\template\store\locator.tpl on line 6
2016-12-23 13:45:01 - PHP Notice:  Undefined variable: text_confirm in D:\wamp\www\opencart\oc_2_3_0_2\admin\view\template\store\locator.tpl on line 6
2016-12-23 13:45:01 - PHP Notice:  Undefined variable: text_list in D:\wamp\www\opencart\oc_2_3_0_2\admin\view\template\store\locator.tpl on line 29
2016-12-23 13:45:03 - PHP Notice:  Undefined variable: add in D:\wamp\www\opencart\oc_2_3_0_2\admin\view\template\store\locator.tpl on line 5
2016-12-23 13:45:03 - PHP Notice:  Undefined variable: button_add in D:\wamp\www\opencart\oc_2_3_0_2\admin\view\template\store\locator.tpl on line 5
2016-12-23 13:45:03 - PHP Notice:  Undefined variable: button_delete in D:\wamp\www\opencart\oc_2_3_0_2\admin\view\template\store\locator.tpl on line 6
2016-12-23 13:45:03 - PHP Notice:  Undefined variable: text_confirm in D:\wamp\www\opencart\oc_2_3_0_2\admin\view\template\store\locator.tpl on line 6
2016-12-23 13:45:03 - PHP Notice:  Undefined variable: text_list in D:\wamp\www\opencart\oc_2_3_0_2\admin\view\template\store\locator.tpl on line 29
2016-12-23 13:45:04 - PHP Notice:  Undefined variable: add in D:\wamp\www\opencart\oc_2_3_0_2\admin\view\template\store\locator.tpl on line 5
2016-12-23 13:45:04 - PHP Notice:  Undefined variable: button_add in D:\wamp\www\opencart\oc_2_3_0_2\admin\view\template\store\locator.tpl on line 5
2016-12-23 13:45:04 - PHP Notice:  Undefined variable: button_delete in D:\wamp\www\opencart\oc_2_3_0_2\admin\view\template\store\locator.tpl on line 6
2016-12-23 13:45:04 - PHP Notice:  Undefined variable: text_confirm in D:\wamp\www\opencart\oc_2_3_0_2\admin\view\template\store\locator.tpl on line 6
2016-12-23 13:45:04 - PHP Notice:  Undefined variable: text_list in D:\wamp\www\opencart\oc_2_3_0_2\admin\view\template\store\locator.tpl on line 29
2016-12-23 13:45:24 - PHP Notice:  Undefined variable: add in D:\wamp\www\opencart\oc_2_3_0_2\admin\view\template\store\locator.tpl on line 5
2016-12-23 13:45:24 - PHP Notice:  Undefined variable: button_add in D:\wamp\www\opencart\oc_2_3_0_2\admin\view\template\store\locator.tpl on line 5
2016-12-23 13:45:24 - PHP Notice:  Undefined variable: button_delete in D:\wamp\www\opencart\oc_2_3_0_2\admin\view\template\store\locator.tpl on line 6
2016-12-23 13:45:24 - PHP Notice:  Undefined variable: text_confirm in D:\wamp\www\opencart\oc_2_3_0_2\admin\view\template\store\locator.tpl on line 6
2016-12-23 13:46:15 - PHP Notice:  Undefined variable: error_warning in D:\wamp\www\opencart\oc_2_3_0_2\admin\view\template\store\locator.tpl on line 14
2016-12-23 13:46:15 - PHP Notice:  Undefined variable: success in D:\wamp\www\opencart\oc_2_3_0_2\admin\view\template\store\locator.tpl on line 19
2016-12-23 13:48:44 - PHP Notice:  Undefined variable: header_title in D:\wamp\www\opencart\oc_2_3_0_2\admin\view\template\store\locator.tpl on line 27
2016-12-23 13:55:04 - PHP Notice:  Undefined variable: button_save in D:\wamp\www\opencart\oc_2_3_0_2\admin\view\template\store\locator.tpl on line 15
2016-12-23 13:55:04 - PHP Notice:  Undefined variable: cancel in D:\wamp\www\opencart\oc_2_3_0_2\admin\view\template\store\locator.tpl on line 16
2016-12-23 13:55:04 - PHP Notice:  Undefined variable: button_cancel in D:\wamp\www\opencart\oc_2_3_0_2\admin\view\template\store\locator.tpl on line 16
2016-12-23 13:55:28 - PHP Notice:  Undefined variable: button_save in D:\wamp\www\opencart\oc_2_3_0_2\admin\view\template\store\locator.tpl on line 6
2016-12-23 13:55:28 - PHP Notice:  Undefined variable: cancel in D:\wamp\www\opencart\oc_2_3_0_2\admin\view\template\store\locator.tpl on line 7
2016-12-23 13:55:28 - PHP Notice:  Undefined variable: button_cancel in D:\wamp\www\opencart\oc_2_3_0_2\admin\view\template\store\locator.tpl on line 7
2016-12-23 13:55:58 - PHP Notice:  Undefined variable: cancel in D:\wamp\www\opencart\oc_2_3_0_2\admin\view\template\store\locator.tpl on line 7
2016-12-23 13:55:58 - PHP Notice:  Undefined variable: button_cancel in D:\wamp\www\opencart\oc_2_3_0_2\admin\view\template\store\locator.tpl on line 7
2016-12-23 13:56:02 - PHP Notice:  Undefined variable: cancel in D:\wamp\www\opencart\oc_2_3_0_2\admin\view\template\store\locator.tpl on line 7
2016-12-23 13:56:02 - PHP Notice:  Undefined variable: button_cancel in D:\wamp\www\opencart\oc_2_3_0_2\admin\view\template\store\locator.tpl on line 7
2016-12-23 13:56:06 - PHP Notice:  Undefined variable: cancel in D:\wamp\www\opencart\oc_2_3_0_2\admin\view\template\store\locator.tpl on line 7
2016-12-23 13:56:06 - PHP Notice:  Undefined variable: button_cancel in D:\wamp\www\opencart\oc_2_3_0_2\admin\view\template\store\locator.tpl on line 7
2016-12-23 13:58:00 - PHP Notice:  Undefined variable: cancel in D:\wamp\www\opencart\oc_2_3_0_2\admin\view\template\store\locator.tpl on line 7
2016-12-23 13:58:00 - PHP Notice:  Undefined variable: button_cancel in D:\wamp\www\opencart\oc_2_3_0_2\admin\view\template\store\locator.tpl on line 7
2016-12-23 13:58:18 - PHP Notice:  Undefined variable: cancel in D:\wamp\www\opencart\oc_2_3_0_2\admin\view\template\store\locator.tpl on line 7
2016-12-23 14:09:36 - PHP Notice:  Undefined variable: heading_title in D:\wamp\www\opencart\oc_2_3_0_2\catalog\view\theme\default\template\error\not_found.tpl on line 17
2016-12-23 14:09:36 - PHP Notice:  Undefined variable: text_error in D:\wamp\www\opencart\oc_2_3_0_2\catalog\view\theme\default\template\error\not_found.tpl on line 18
2016-12-23 14:09:36 - PHP Notice:  Undefined variable: continue in D:\wamp\www\opencart\oc_2_3_0_2\catalog\view\theme\default\template\error\not_found.tpl on line 20
2016-12-23 14:09:36 - PHP Notice:  Undefined variable: button_continue in D:\wamp\www\opencart\oc_2_3_0_2\catalog\view\theme\default\template\error\not_found.tpl on line 20
2016-12-23 14:10:14 - PHP Notice:  Undefined variable: heading_title in D:\wamp\www\opencart\oc_2_3_0_2\catalog\view\theme\default\template\error\not_found.tpl on line 17
2016-12-23 14:10:14 - PHP Notice:  Undefined variable: text_error in D:\wamp\www\opencart\oc_2_3_0_2\catalog\view\theme\default\template\error\not_found.tpl on line 18
2016-12-23 14:10:14 - PHP Notice:  Undefined variable: continue in D:\wamp\www\opencart\oc_2_3_0_2\catalog\view\theme\default\template\error\not_found.tpl on line 20
2016-12-23 14:10:14 - PHP Notice:  Undefined variable: button_continue in D:\wamp\www\opencart\oc_2_3_0_2\catalog\view\theme\default\template\error\not_found.tpl on line 20
2016-12-23 14:11:03 - PHP Notice:  Undefined variable: text_error in D:\wamp\www\opencart\oc_2_3_0_2\catalog\view\theme\default\template\error\not_found.tpl on line 18
2016-12-23 14:11:03 - PHP Notice:  Undefined variable: continue in D:\wamp\www\opencart\oc_2_3_0_2\catalog\view\theme\default\template\error\not_found.tpl on line 20
2016-12-23 14:11:03 - PHP Notice:  Undefined variable: button_continue in D:\wamp\www\opencart\oc_2_3_0_2\catalog\view\theme\default\template\error\not_found.tpl on line 20
2016-12-23 14:11:39 - PHP Notice:  Undefined variable: text_error in D:\wamp\www\opencart\oc_2_3_0_2\catalog\view\theme\default\template\error\not_found.tpl on line 18
2016-12-23 14:11:39 - PHP Notice:  Undefined variable: continue in D:\wamp\www\opencart\oc_2_3_0_2\catalog\view\theme\default\template\error\not_found.tpl on line 20
2016-12-23 14:11:39 - PHP Notice:  Undefined variable: button_continue in D:\wamp\www\opencart\oc_2_3_0_2\catalog\view\theme\default\template\error\not_found.tpl on line 20
2016-12-23 14:12:16 - PHP Notice:  Undefined variable: text_error in D:\wamp\www\opencart\oc_2_3_0_2\catalog\view\theme\default\template\error\not_found.tpl on line 18
2016-12-23 14:12:16 - PHP Notice:  Undefined variable: continue in D:\wamp\www\opencart\oc_2_3_0_2\catalog\view\theme\default\template\error\not_found.tpl on line 20
2016-12-23 14:12:16 - PHP Notice:  Undefined variable: button_continue in D:\wamp\www\opencart\oc_2_3_0_2\catalog\view\theme\default\template\error\not_found.tpl on line 20
2016-12-23 14:12:28 - PHP Notice:  Undefined variable: text_error in D:\wamp\www\opencart\oc_2_3_0_2\catalog\view\theme\default\template\error\not_found.tpl on line 18
2016-12-23 14:12:28 - PHP Notice:  Undefined variable: continue in D:\wamp\www\opencart\oc_2_3_0_2\catalog\view\theme\default\template\error\not_found.tpl on line 20
2016-12-23 14:12:28 - PHP Notice:  Undefined variable: button_continue in D:\wamp\www\opencart\oc_2_3_0_2\catalog\view\theme\default\template\error\not_found.tpl on line 20
2016-12-23 14:13:59 - PHP Notice:  Undefined variable: text_location in D:\wamp\www\opencart\oc_2_3_0_2\catalog\view\theme\default\template\store\locator.tpl on line 18
2016-12-23 14:13:59 - PHP Notice:  Undefined variable: image in D:\wamp\www\opencart\oc_2_3_0_2\catalog\view\theme\default\template\store\locator.tpl on line 22
2016-12-23 14:13:59 - PHP Notice:  Undefined variable: store in D:\wamp\www\opencart\oc_2_3_0_2\catalog\view\theme\default\template\store\locator.tpl on line 25
2016-12-23 14:13:59 - PHP Notice:  Undefined variable: address in D:\wamp\www\opencart\oc_2_3_0_2\catalog\view\theme\default\template\store\locator.tpl on line 27
2016-12-23 14:13:59 - PHP Notice:  Undefined variable: geocode in D:\wamp\www\opencart\oc_2_3_0_2\catalog\view\theme\default\template\store\locator.tpl on line 29
2016-12-23 14:13:59 - PHP Notice:  Undefined variable: text_telephone in D:\wamp\www\opencart\oc_2_3_0_2\catalog\view\theme\default\template\store\locator.tpl on line 33
2016-12-23 14:13:59 - PHP Notice:  Undefined variable: telephone in D:\wamp\www\opencart\oc_2_3_0_2\catalog\view\theme\default\template\store\locator.tpl on line 34
2016-12-23 14:13:59 - PHP Notice:  Undefined variable: fax in D:\wamp\www\opencart\oc_2_3_0_2\catalog\view\theme\default\template\store\locator.tpl on line 36
2016-12-23 14:13:59 - PHP Notice:  Undefined variable: open in D:\wamp\www\opencart\oc_2_3_0_2\catalog\view\theme\default\template\store\locator.tpl on line 42
2016-12-23 14:13:59 - PHP Notice:  Undefined variable: comment in D:\wamp\www\opencart\oc_2_3_0_2\catalog\view\theme\default\template\store\locator.tpl on line 47
2016-12-23 14:13:59 - PHP Notice:  Undefined variable: locations in D:\wamp\www\opencart\oc_2_3_0_2\catalog\view\theme\default\template\store\locator.tpl on line 55
2016-12-23 14:13:59 - PHP Notice:  Undefined variable: action in D:\wamp\www\opencart\oc_2_3_0_2\catalog\view\theme\default\template\store\locator.tpl on line 103
2016-12-23 14:13:59 - PHP Notice:  Undefined variable: text_contact in D:\wamp\www\opencart\oc_2_3_0_2\catalog\view\theme\default\template\store\locator.tpl on line 105
2016-12-23 14:13:59 - PHP Notice:  Undefined variable: entry_name in D:\wamp\www\opencart\oc_2_3_0_2\catalog\view\theme\default\template\store\locator.tpl on line 107
2016-12-23 14:13:59 - PHP Notice:  Undefined variable: name in D:\wamp\www\opencart\oc_2_3_0_2\catalog\view\theme\default\template\store\locator.tpl on line 109
2016-12-23 14:13:59 - PHP Notice:  Undefined variable: error_name in D:\wamp\www\opencart\oc_2_3_0_2\catalog\view\theme\default\template\store\locator.tpl on line 110
2016-12-23 14:13:59 - PHP Notice:  Undefined variable: entry_email in D:\wamp\www\opencart\oc_2_3_0_2\catalog\view\theme\default\template\store\locator.tpl on line 116
2016-12-23 14:13:59 - PHP Notice:  Undefined variable: email in D:\wamp\www\opencart\oc_2_3_0_2\catalog\view\theme\default\template\store\locator.tpl on line 118
2016-12-23 14:13:59 - PHP Notice:  Undefined variable: error_email in D:\wamp\www\opencart\oc_2_3_0_2\catalog\view\theme\default\template\store\locator.tpl on line 119
2016-12-23 14:13:59 - PHP Notice:  Undefined variable: entry_enquiry in D:\wamp\www\opencart\oc_2_3_0_2\catalog\view\theme\default\template\store\locator.tpl on line 125
2016-12-23 14:13:59 - PHP Notice:  Undefined variable: enquiry in D:\wamp\www\opencart\oc_2_3_0_2\catalog\view\theme\default\template\store\locator.tpl on line 127
2016-12-23 14:13:59 - PHP Notice:  Undefined variable: error_enquiry in D:\wamp\www\opencart\oc_2_3_0_2\catalog\view\theme\default\template\store\locator.tpl on line 128
2016-12-23 14:13:59 - PHP Notice:  Undefined variable: captcha in D:\wamp\www\opencart\oc_2_3_0_2\catalog\view\theme\default\template\store\locator.tpl on line 133
2016-12-23 14:13:59 - PHP Notice:  Undefined variable: button_submit in D:\wamp\www\opencart\oc_2_3_0_2\catalog\view\theme\default\template\store\locator.tpl on line 137
2016-12-24 6:57:41 - PHP Notice:  Undefined index: username in D:\wamp\www\opencart\oc_2_3_0_2\admin\controller\store\locator.php on line 66
2016-12-24 7:08:06 - PHP Notice:  Undefined variable: url in D:\wamp\www\opencart\oc_2_3_0_2\admin\controller\store\locator.php on line 17
2016-12-24 7:09:27 - PHP Notice:  Undefined variable: url in D:\wamp\www\opencart\oc_2_3_0_2\admin\controller\store\locator.php on line 15
2016-12-24 7:09:31 - PHP Notice:  Undefined variable: url in D:\wamp\www\opencart\oc_2_3_0_2\admin\controller\store\locator.php on line 15
2016-12-24 7:13:14 - PHP Notice:  Undefined variable: query in D:\wamp\www\opencart\oc_2_3_0_2\admin\model\store\locator.php on line 10
2016-12-24 7:13:14 - PHP Notice:  Trying to get property of non-object in D:\wamp\www\opencart\oc_2_3_0_2\admin\model\store\locator.php on line 10
2016-12-24 7:14:59 - PHP Notice:  Undefined variable: url in D:\wamp\www\opencart\oc_2_3_0_2\admin\controller\store\locator.php on line 15
2016-12-24 7:25:25 - PHP Notice:  Undefined variable: url in D:\wamp\www\opencart\oc_2_3_0_2\admin\controller\store\locator.php on line 15
2016-12-24 7:25:34 - PHP Notice:  Undefined variable: url in D:\wamp\www\opencart\oc_2_3_0_2\admin\controller\store\locator.php on line 15
